clnttcp_create: connect failed, error = 10061, retrying
%UIMSG-APPLICATION-ERROR, ui_create_search_path: Ignoring non-existent folder "proe/zbaseutils"
%UIMSG-APPLICATION-ERROR, ui_create_search_path: Ignoring non-existent folder "proe/zbase_apps"
%UIMSG-APPLICATION-ERROR, Could not open resource file 'procmdutilappphotorealrend'
%UIMSG-USER-ERROR, Failed to create device: ProCmdUtilAppPhotoRealRend, from resource file: procmdutilappphotorealrend
%UIMSG-APPLICATION-ERROR, Could not open resource file 'procmdutilappphotorealrendclose'
%UIMSG-USER-ERROR, Failed to create device: ProCmdUtilAppPhotoRealRendClose, from resource file: procmdutilappphotorealrendclose
%UIMSG-COMMAND-ERROR, _uicmd_access_find_named: could not find AccessId for "ProCmdAccessEditParameters"
%UIMSG-COMMAND-ERROR, uicmd_access_func_find_named: Failed to find access function name
%UIMSG-COMMAND-ERROR, uicmd_cmd_add_access_func - NULL access id
%UIMSG-APPLICATION-ERROR, GetImageInfo: Failed to find image "imgf_col_16x16_0_33554431"
%UIMSG-COMMAND-ERROR, uicmd_cmd_set_hover_func: NULL uiCmdCommand
%UIMSG-COMMAND-ERROR, uicmd_cmd_set_hover_func: NULL uiCmdCommand
%UIMSG-COMMAND-ERROR, uicmd_cmd_set_hover_func: NULL uiCmdCommand
%UIMSG-COMMAND-ERROR, uicmd_cmd_set_hover_func: NULL uiCmdCommand
%UIMSG-COMMAND-ERROR, uicmd_cmd_set_hover_func: NULL uiCmdCommand
%UIMSG-COMMAND-ERROR, uicmd_cmd_set_hover_func: hover function already set
%UIMSG-USER-ERROR, Failed to preload image sp_128
%UIMSG-USER-ERROR, Failed to preload image sp_129
%UIMSG-USER-ERROR, Failed to preload image sp_130
%UIMSG-USER-ERROR, Failed to preload image sp_131
%UIMSG-USER-ERROR, Failed to preload image sp_132
%UIMSG-USER-ERROR, Failed to preload image sp_133
%UIMSG-USER-ERROR, Failed to preload image sp_134
%UIMSG-USER-ERROR, Failed to preload image sp_135
%UIMSG-USER-ERROR, Failed to preload image sp_136
%UIMSG-USER-ERROR, Failed to preload image sp_137
%UIMSG-USER-ERROR, Failed to preload image sp_138
%UIMSG-USER-ERROR, Failed to preload image sp_139
%UIMSG-USER-ERROR, Failed to preload image sp_140
%UIMSG-USER-ERROR, Failed to preload image sp_141
%UIMSG-USER-ERROR, Failed to preload image sp_142
%UIMSG-USER-ERROR, Failed to preload image sp_143
%UIMSG-USER-ERROR, Failed to preload image sp_144
%UIMSG-USER-ERROR, Failed to preload image sp_145
%UIMSG-USER-ERROR, Failed to preload image sp_146
%UIMSG-USER-ERROR, Failed to preload image sp_147
%UIMSG-USER-ERROR, Failed to preload image sp_148
%UIMSG-APPLICATION-ERROR, ui_create_search_path: Ignoring non-existent folder "proe/dma_ui/dma_ribbon_l10n"
%UIMSG-APPLICATION-ERROR, ui_create_search_path: Ignoring non-existent folder "proe/proribbon"
%UIMSG-COMMAND-ERROR, _uicmd_command_alloc: Command name too long (max is K_NAME_SIZE)
%UIMSG-COMMAND-ERROR, _uicmd_command_alloc: Command name too long (max is K_NAME_SIZE)
%UIMSG-COMMAND-ERROR, _uicmd_command_alloc: Command name too long (max is K_NAME_SIZE)
%UIMSG-COMMAND-ERROR, _uicmd_command_alloc: Command name too long (max is K_NAME_SIZE)
%UIMSG-COMMAND-ERROR, _uicmd_command_alloc: Command name too long (max is K_NAME_SIZE)
%UIMSG-COMMAND-ERROR, _uicmd_command_alloc: Command name too long (max is K_NAME_SIZE)
%UIMSG-COMMAND-ERROR, _uicmd_command_alloc: Command name too long (max is K_NAME_SIZE)
%UIMSG-COMMAND-ERROR, _uicmd_command_alloc: Command name too long (max is K_NAME_SIZE)
%UIMSG-COMMAND-ERROR, _uicmd_command_alloc: Command name too long (max is K_NAME_SIZE)
%UIMSG-COMMAND-ERROR, _uicmd_command_alloc: Command name too long (max is K_NAME_SIZE)
%UIMSG-COMMAND-ERROR, _uicmd_command_alloc: Command name too long (max is K_NAME_SIZE)
%UIMSG-COMMAND-ERROR, _uicmd_command_alloc: Command name too long (max is K_NAME_SIZE)
%UIMSG-COMMAND-ERROR, _uicmd_command_alloc: Command name too long (max is K_NAME_SIZE)
%UIMSG-COMMAND-ERROR, _uicmd_command_alloc: Command name too long (max is K_NAME_SIZE)
%UIMSG-COMMAND-ERROR, _uicmd_command_alloc: Command name too long (max is K_NAME_SIZE)
%UIMSG-COMMAND-ERROR, _uicmd_command_alloc: Command name too long (max is K_NAME_SIZE)
%UIMSG-COMMAND-ERROR, _uicmd_command_alloc: Command name too long (max is K_NAME_SIZE)
%UIMSG-COMMAND-ERROR, _uicmd_command_alloc: Command name too long (max is K_NAME_SIZE)
%UIMSG-COMMAND-ERROR, _uicmd_command_alloc: Command name too long (max is K_NAME_SIZE)
%UIMSG-COMMAND-ERROR, _uicmd_command_alloc: Command name too long (max is K_NAME_SIZE)
%UIMSG-COMMAND-ERROR, _uicmd_command_alloc: Command name too long (max is K_NAME_SIZE)
%UIMSG-COMMAND-ERROR, _uicmd_command_alloc: Command name too long (max is K_NAME_SIZE)
%UIMSG-COMMAND-ERROR, _uicmd_command_alloc: Command name too long (max is K_NAME_SIZE)
%UIMSG-COMMAND-ERROR, _uicmd_command_alloc: Command name too long (max is K_NAME_SIZE)
%UIMSG-COMMAND-ERROR, _uicmd_command_alloc: Command name too long (max is K_NAME_SIZE)
%UIMSG-COMMAND-ERROR, _uicmd_command_alloc: Command name too long (max is K_NAME_SIZE)
%UIMSG-COMMAND-ERROR, _uicmd_command_alloc: Command name too long (max is K_NAME_SIZE)
%UIMSG-COMMAND-ERROR, _uicmd_command_alloc: Command name too long (max is K_NAME_SIZE)
%UIMSG-COMMAND-ERROR, _uicmd_command_alloc: Command name too long (max is K_NAME_SIZE)
%UIMSG-COMMAND-ERROR, _uicmd_command_alloc: Command name too long (max is K_NAME_SIZE)
%UIMSG-COMMAND-ERROR, _uicmd_command_alloc: Command name too long (max is K_NAME_SIZE)
%UIMSG-COMMAND-ERROR, _uicmd_command_alloc: Command name too long (max is K_NAME_SIZE)
%UIMSG-COMMAND-ERROR, _uicmd_command_alloc: Command name too long (max is K_NAME_SIZE)
%UIMSG-COMMAND-ERROR, _uicmd_command_alloc: Command name too long (max is K_NAME_SIZE)
%UIMSG-COMMAND-ERROR, _uicmd_command_alloc: Command name too long (max is K_NAME_SIZE)
%UIMSG-COMMAND-ERROR, _uicmd_command_alloc: Command name too long (max is K_NAME_SIZE)
%UIMSG-COMMAND-ERROR, _uicmd_command_alloc: Command name too long (max is K_NAME_SIZE)
%UIMSG-COMMAND-ERROR, _uicmd_command_alloc: Command name too long (max is K_NAME_SIZE)
%UIMSG-COMMAND-ERROR, _uicmd_command_alloc: Command name too long (max is K_NAME_SIZE)
%UIMSG-COMMAND-ERROR, _uicmd_command_alloc: Command name too long (max is K_NAME_SIZE)
%UIMSG-COMMAND-ERROR, _uicmd_command_alloc: Command name too long (max is K_NAME_SIZE)
%UIMSG-COMMAND-ERROR, _uicmd_command_alloc: Command name too long (max is K_NAME_SIZE)
%UIMSG-COMMAND-ERROR, _uicmd_command_alloc: Command name too long (max is K_NAME_SIZE)
%UIMSG-COMMAND-ERROR, _uicmd_command_alloc: Command name too long (max is K_NAME_SIZE)
%UIMSG-COMMAND-ERROR, _uicmd_command_alloc: Command name too long (max is K_NAME_SIZE)
%UIMSG-COMMAND-ERROR, _uicmd_command_alloc: Command name too long (max is K_NAME_SIZE)
%UIMSG-COMMAND-ERROR, _uicmd_command_alloc: Command name too long (max is K_NAME_SIZE)
%UIMSG-COMMAND-ERROR, _uicmd_command_alloc: Command name too long (max is K_NAME_SIZE)
%UIMSG-COMMAND-ERROR, _uicmd_command_alloc: Command name too long (max is K_NAME_SIZE)
%UIMSG-COMMAND-ERROR, _uicmd_command_alloc: Command name too long (max is K_NAME_SIZE)
%UIMSG-COMMAND-ERROR, _uicmd_command_alloc: Command name too long (max is K_NAME_SIZE)
%UIMSG-COMMAND-ERROR, _uicmd_command_alloc: Command name too long (max is K_NAME_SIZE)
%UIMSG-COMMAND-ERROR, _uicmd_command_alloc: Command name too long (max is K_NAME_SIZE)
%UIMSG-COMMAND-ERROR, _uicmd_command_alloc: Command name too long (max is K_NAME_SIZE)
%UIMSG-COMMAND-ERROR, _uicmd_command_alloc: Command name too long (max is K_NAME_SIZE)
%UIMSG-COMMAND-ERROR, _uicmd_command_alloc: Command name too long (max is K_NAME_SIZE)
%UIMSG-COMMAND-ERROR, _uicmd_command_alloc: Command name too long (max is K_NAME_SIZE)
%UIMSG-COMMAND-ERROR, _uicmd_command_alloc: Command name too long (max is K_NAME_SIZE)
%UIMSG-COMMAND-ERROR, _uicmd_command_alloc: Command name too long (max is K_NAME_SIZE)
%UIMSG-COMMAND-ERROR, _uicmd_command_alloc: Command name too long (max is K_NAME_SIZE)
%UIMSG-COMMAND-ERROR, _uicmd_command_alloc: Command name too long (max is K_NAME_SIZE)
%UIMSG-COMMAND-ERROR, _uicmd_command_alloc: Command name too long (max is K_NAME_SIZE)
%UIMSG-COMMAND-ERROR, _uicmd_command_alloc: Command name too long (max is K_NAME_SIZE)
%UIMSG-COMMAND-ERROR, _uicmd_command_alloc: Command name too long (max is K_NAME_SIZE)
%UIMSG-COMMAND-ERROR, _uicmd_command_alloc: Command name too long (max is K_NAME_SIZE)
%UIMSG-COMMAND-ERROR, _uicmd_command_alloc: Command name too long (max is K_NAME_SIZE)
%UIMSG-COMMAND-ERROR, _uicmd_command_alloc: Command name too long (max is K_NAME_SIZE)
%UIMSG-COMMAND-ERROR, _uicmd_command_alloc: Command name too long (max is K_NAME_SIZE)
%UIMSG-COMMAND-ERROR, _uicmd_command_alloc: Command name too long (max is K_NAME_SIZE)
%UIMSG-COMMAND-ERROR, _uicmd_command_alloc: Command name too long (max is K_NAME_SIZE)
%UIMSG-COMMAND-ERROR, _uicmd_command_alloc: Command name too long (max is K_NAME_SIZE)
%UIMSG-COMMAND-ERROR, _uicmd_command_alloc: Command name too long (max is K_NAME_SIZE)
%UIMSG-COMMAND-ERROR, _uicmd_command_alloc: Command name too long (max is K_NAME_SIZE)
%UIMSG-COMMAND-ERROR, _uicmd_command_alloc: Command name too long (max is K_NAME_SIZE)
%UIMSG-COMMAND-ERROR, _uicmd_command_alloc: Command name too long (max is K_NAME_SIZE)
%UIMSG-COMMAND-ERROR, _uicmd_command_alloc: Command name too long (max is K_NAME_SIZE)
%UIMSG-COMMAND-ERROR, _uicmd_command_alloc: Command name too long (max is K_NAME_SIZE)
%UIMSG-COMMAND-ERROR, _uicmd_command_alloc: Command name too long (max is K_NAME_SIZE)
%UIMSG-COMMAND-ERROR, _uicmd_command_alloc: Command name too long (max is K_NAME_SIZE)
%UIMSG-USER-ERROR, TitleBarImage "creo_logo_direct.ico" is the wrong size (32x32) for main_dlg_w1
%UIMSG-APPLICATION-ERROR, Did not find item <PHTLeft.CeViewTabLay> in Tab PHTLeft.ProExplorerTab@main_dlg_w1
%UIMSG-APPLICATION-ERROR, Failed to modify component: PHTLeft.ProExplorerTab, in device: main_dlg_w1
%UIMSG-APPLICATION-ERROR, Did not find item <PHTLeft.HistLay> in Tab PHTLeft.ProExplorerTab@main_dlg_w1
%UIMSG-APPLICATION-ERROR, Failed to modify component: PHTLeft.ProExplorerTab, in device: main_dlg_w1
%UIMSG-APPLICATION-ERROR, Parent RegenStatusBarComp.NmgrNotifStatusDrawarea resizing child RegenStatusBarComp.NmgrNotifStatusButton (2,0) (32x16) to be partially viewable in (0,0) (32x16)
%UIMSG-APPLICATION-ERROR, Component 'sash_left@main_dlg_w1' is being resized when UI_redraw_Attr = FALSE
%UIMSG-APPLICATION-ERROR, Component 'sash_left@main_dlg_w1' is being resized when UI_redraw_Attr = FALSE
%UIMSG-APPLICATION-ERROR, Component 'sash_left@main_dlg_w1' is being resized when UI_redraw_Attr = FALSE
%UIMSG-APPLICATION-ERROR, Component 'sash_left@main_dlg_w1' is being resized when UI_redraw_Attr = FALSE
%UIMSG-APPLICATION-ERROR, Could not find component: proe_win, in device: rmb_popup, for retrieve
%UIMSG-APPLICATION-ERROR, ui_create_search_path: Ignoring non-existent folder "../../libs/prowtlibs"
%UIMSG-APPLICATION-ERROR, ui_create_search_path: Ignoring non-existent folder "../../proe/uitools"
%UIMSG-APPLICATION-ERROR, No device name specified for ui_modify
%UIMSG-APPLICATION-ERROR, Component 'PHTLeft.Folders@main_dlg_w1' is being resized when UI_redraw_Attr = FALSE
%UIMSG-APPLICATION-ERROR, Component 'PHTLeft.PHFolders.Nav_FT@main_dlg_w1' is being resized when UI_redraw_Attr = FALSE
%UIMSG-APPLICATION-ERROR, Component 'PHTLeft.PHFolders.TB_Shortcuts@main_dlg_w1' is being resized when UI_redraw_Attr = FALSE
%UIMSG-APPLICATION-ERROR, Component 'PHTLeft.PHFolders.sash_cmd_buttons@main_dlg_w1' is being resized when UI_redraw_Attr = FALSE
%UIMSG-APPLICATION-ERROR, Could not find component: user_standard_page_for_cust_ribbon_tb_start, in device: main_dlg_w1, for modify
%UIMSG-APPLICATION-ERROR, Could not find component: user_standard_page_for_cust_ribbon_tb_end, in device: main_dlg_w1, for modify
%UIMSG-APPLICATION-ERROR, No device name specified for ui_modify
%UIMSG-APPLICATION-ERROR, No device name specified for ui_modify
%UIMSG-APPLICATION-ERROR, No device name specified for ui_modify
%UIMSG-APPLICATION-ERROR, UI_get_screen_cursor_pos_Op is obsolete - use UI Desktop UI_get_cursor_pos_Op
%UIMSG-APPLICATION-ERROR, No device name specified for ui_modify
%UIMSG-APPLICATION-ERROR, No device name specified for ui_modify
%UIMSG-APPLICATION-ERROR, No device name specified for ui_modify
%UIMSG-APPLICATION-ERROR, No device name specified for ui_modify
%UIMSG-APPLICATION-ERROR, UI_global_remove_action_notifier_Op: No matching callback to remove
